{"contracts/SimpleStorage.sol":{"l":{"20":1,"28":1},"path":"/home/bernardovieira/Documentos/TechHQ/GitHub/simple-ethereum-ts-react-dapp/ethereum/contracts/SimpleStorage.sol","s":{"1":1,"2":1},"b":{},"f":{"1":1,"2":1},"fnMap":{"1":{"name":"set","line":19,"loc":{"start":{"line":19,"column":4},"end":{"line":19,"column":32}}},"2":{"name":"get","line":27,"loc":{"start":{"line":27,"column":4},"end":{"line":27,"column":46}}}},"statementMap":{"1":{"start":{"line":20,"column":8},"end":{"line":20,"column":21}},"2":{"start":{"line":28,"column":8},"end":{"line":28,"column":25}}},"branchMap":{}}}